[2024-07-29 15:29:08] local.ERROR: Carbon\Carbon::setLastErrors(): Argument #1 ($lastErrors) must be of type array, bool given, called in /home/1302218.cloudwaysapps.com/nqwggxwnxn/public_html/vendor/nesbot/carbon/src/Carbon/Traits/Creator.php on line 98 {"exception":"[object] (TypeError(code: 0): Carbon\\Carbon::setLastErrors(): Argument #1 ($lastErrors) must be of type array, bool given, called in /home/1302218.cloudwaysapps.com/nqwggxwnxn/public_html/vendor/nesbot/carbon/src/Carbon/Traits/Creator.php on line 98 at /home/1302218.cloudwaysapps.com/nqwggxwnxn/public_html/vendor/nesbot/carbon/src/Carbon/Traits/Creator.php:928)
[stacktrace]
#0 /home/1302218.cloudwaysapps.com/nqwggxwnxn/public_html/vendor/nesbot/carbon/src/Carbon/Traits/Creator.php(98): Carbon\\Carbon::setLastErrors()
#1 /home/1302218.cloudwaysapps.com/nqwggxwnxn/public_html/vendor/nesbot/carbon/src/Carbon/Traits/Creator.php(252): Carbon\\Carbon->__construct()
#2 /home/1302218.cloudwaysapps.com/nqwggxwnxn/public_html/vendor/laravel/framework/src/Illuminate/Support/InteractsWithTime.php(37): Carbon\\Carbon::now()
#3 /home/1302218.cloudwaysapps.com/nqwggxwnxn/public_html/vendor/laravel/framework/src/Illuminate/Foundation/Http/Middleware/VerifyCsrfToken.php(193): Illuminate\\Foundation\\Http\\Middleware\\VerifyCsrfToken->availableAt()
#4 /home/1302218.cloudwaysapps.com/nqwggxwnxn/public_html/vendor/laravel/framework/src/Illuminate/Foundation/Http/Middleware/VerifyCsrfToken.php(80): Illuminate\\Foundation\\Http\\Middleware\\VerifyCsrfToken->addCookieToResponse()
#5 /home/1302218.cloudwaysapps.com/nqwggxwnxn/public_html/vendor/laravel/framework/src/Illuminate/Support/helpers.php(263): Illuminate\\Foundation\\Http\\Middleware\\VerifyCsrfToken->Illuminate\\Foundation\\Http\\Middleware\\{closure}()
#6 /home/1302218.cloudwaysapps.com/nqwggxwnxn/public_html/vendor/laravel/framework/src/Illuminate/Foundation/Http/Middleware/VerifyCsrfToken.php(78): tap()
#7 /home/1302218.cloudwaysapps.com/nqwggxwnxn/public_html/vendor/laravel/framework/src/Illuminate/Pipeline/Pipeline.php(167): Illuminate\\Foundation\\Http\\Middleware\\VerifyCsrfToken->handle()
#8 /home/1302218.cloudwaysapps.com/nqwggxwnxn/public_html/vendor/laravel/framework/src/Illuminate/View/Middleware/ShareErrorsFromSession.php(49): Illuminate\\Pipeline\\Pipeline->Illuminate\\Pipeline\\{closure}()
#9 /home/1302218.cloudwaysapps.com/nqwggxwnxn/public_html/vendor/laravel/framework/src/Illuminate/Pipeline/Pipeline.php(167): Illuminate\\View\\Middleware\\ShareErrorsFromSession->handle()
#10 /home/1302218.cloudwaysapps.com/nqwggxwnxn/public_html/vendor/laravel/framework/src/Illuminate/Session/Middleware/StartSession.php(121): Illuminate\\Pipeline\\Pipeline->Illuminate\\Pipeline\\{closure}()
#11 /home/1302218.cloudwaysapps.com/nqwggxwnxn/public_html/vendor/laravel/framework/src/Illuminate/Session/Middleware/StartSession.php(64): Illuminate\\Session\\Middleware\\StartSession->handleStatefulRequest()
#12 /home/1302218.cloudwaysapps.com/nqwggxwnxn/public_html/vendor/laravel/framework/src/Illuminate/Pipeline/Pipeline.php(167): Illuminate\\Session\\Middleware\\StartSession->handle()
#13 /home/1302218.cloudwaysapps.com/nqwggxwnxn/public_html/vendor/laravel/framework/src/Illuminate/Cookie/Middleware/AddQueuedCookiesToResponse.php(37): Illuminate\\Pipeline\\Pipeline->Illuminate\\Pipeline\\{closure}()
#14 /home/1302218.cloudwaysapps.com/nqwggxwnxn/public_html/vendor/laravel/framework/src/Illuminate/Pipeline/Pipeline.php(167): Illuminate\\Cookie\\Middleware\\AddQueuedCookiesToResponse->handle()
#15 /home/1302218.cloudwaysapps.com/nqwggxwnxn/public_html/vendor/laravel/framework/src/Illuminate/Cookie/Middleware/EncryptCookies.php(67): Illuminate\\Pipeline\\Pipeline->Illuminate\\Pipeline\\{closure}()
#16 /home/1302218.cloudwaysapps.com/nqwggxwnxn/public_html/vendor/laravel/framework/src/Illuminate/Pipeline/Pipeline.php(167): Illuminate\\Cookie\\Middleware\\EncryptCookies->handle()
#17 /home/1302218.cloudwaysapps.com/nqwggxwnxn/public_html/vendor/laravel/framework/src/Illuminate/Pipeline/Pipeline.php(103): Illuminate\\Pipeline\\Pipeline->Illuminate\\Pipeline\\{closure}()
#18 /home/1302218.cloudwaysapps.com/nqwggxwnxn/public_html/vendor/laravel/framework/src/Illuminate/Routing/Router.php(719): Illuminate\\Pipeline\\Pipeline->then()
#19 /home/1302218.cloudwaysapps.com/nqwggxwnxn/public_html/vendor/laravel/framework/src/Illuminate/Routing/Router.php(698): Illuminate\\Routing\\Router->runRouteWithinStack()
#20 /home/1302218.cloudwaysapps.com/nqwggxwnxn/public_html/vendor/laravel/framework/src/Illuminate/Routing/Router.php(662): Illuminate\\Routing\\Router->runRoute()
#21 /home/1302218.cloudwaysapps.com/nqwggxwnxn/public_html/vendor/laravel/framework/src/Illuminate/Routing/Router.php(651): Illuminate\\Routing\\Router->dispatchToRoute()
#22 /home/1302218.cloudwaysapps.com/nqwggxwnxn/public_html/vendor/laravel/framework/src/Illuminate/Foundation/Http/Kernel.php(167): Illuminate\\Routing\\Router->dispatch()
#23 /home/1302218.cloudwaysapps.com/nqwggxwnxn/public_html/vendor/laravel/framework/src/Illuminate/Pipeline/Pipeline.php(128): Illuminate\\Foundation\\Http\\Kernel->Illuminate\\Foundation\\Http\\{closure}()
#24 /home/1302218.cloudwaysapps.com/nqwggxwnxn/public_html/vendor/laravel/framework/src/Illuminate/Foundation/Http/Middleware/TransformsRequest.php(21): Illuminate\\Pipeline\\Pipeline->Illuminate\\Pipeline\\{closure}()
#25 /home/1302218.cloudwaysapps.com/nqwggxwnxn/public_html/vendor/laravel/framework/src/Illuminate/Foundation/Http/Middleware/ConvertEmptyStringsToNull.php(31): Illuminate\\Foundation\\Http\\Middleware\\TransformsRequest->handle()
#26 /home/1302218.cloudwaysapps.com/nqwggxwnxn/public_html/vendor/laravel/framework/src/Illuminate/Pipeline/Pipeline.php(167): Illuminate\\Foundation\\Http\\Middleware\\ConvertEmptyStringsToNull->handle()
#27 /home/1302218.cloudwaysapps.com/nqwggxwnxn/public_html/vendor/laravel/framework/src/Illuminate/Foundation/Http/Middleware/TransformsRequest.php(21): Illuminate\\Pipeline\\Pipeline->Illuminate\\Pipeline\\{closure}()
#28 /home/1302218.cloudwaysapps.com/nqwggxwnxn/public_html/vendor/laravel/framework/src/Illuminate/Foundation/Http/Middleware/TrimStrings.php(40): Illuminate\\Foundation\\Http\\Middleware\\TransformsRequest->handle()
#29 /home/1302218.cloudwaysapps.com/nqwggxwnxn/public_html/vendor/laravel/framework/src/Illuminate/Pipeline/Pipeline.php(167): Illuminate\\Foundation\\Http\\Middleware\\TrimStrings->handle()
#30 /home/1302218.cloudwaysapps.com/nqwggxwnxn/public_html/vendor/laravel/framework/src/Illuminate/Foundation/Http/Middleware/ValidatePostSize.php(27): Illuminate\\Pipeline\\Pipeline->Illuminate\\Pipeline\\{closure}()
#31 /home/1302218.cloudwaysapps.com/nqwggxwnxn/public_html/vendor/laravel/framework/src/Illuminate/Pipeline/Pipeline.php(167): Illuminate\\Foundation\\Http\\Middleware\\ValidatePostSize->handle()
#32 /home/1302218.cloudwaysapps.com/nqwggxwnxn/public_html/vendor/laravel/framework/src/Illuminate/Foundation/Http/Middleware/PreventRequestsDuringMaintenance.php(86): Illuminate\\Pipeline\\Pipeline->Illuminate\\Pipeline\\{closure}()
#33 /home/1302218.cloudwaysapps.com/nqwggxwnxn/public_html/vendor/laravel/framework/src/Illuminate/Pipeline/Pipeline.php(167): Illuminate\\Foundation\\Http\\Middleware\\PreventRequestsDuringMaintenance->handle()
#34 /home/1302218.cloudwaysapps.com/nqwggxwnxn/public_html/vendor/fruitcake/laravel-cors/src/HandleCors.php(38): Illuminate\\Pipeline\\Pipeline->Illuminate\\Pipeline\\{closure}()
#35 /home/1302218.cloudwaysapps.com/nqwggxwnxn/public_html/vendor/laravel/framework/src/Illuminate/Pipeline/Pipeline.php(167): Fruitcake\\Cors\\HandleCors->handle()
#36 /home/1302218.cloudwaysapps.com/nqwggxwnxn/public_html/vendor/fideloper/proxy/src/TrustProxies.php(57): Illuminate\\Pipeline\\Pipeline->Illuminate\\Pipeline\\{closure}()
#37 /home/1302218.cloudwaysapps.com/nqwggxwnxn/public_html/vendor/laravel/framework/src/Illuminate/Pipeline/Pipeline.php(167): Fideloper\\Proxy\\TrustProxies->handle()
#38 /home/1302218.cloudwaysapps.com/nqwggxwnxn/public_html/vendor/laravel/framework/src/Illuminate/Pipeline/Pipeline.php(103): Illuminate\\Pipeline\\Pipeline->Illuminate\\Pipeline\\{closure}()
#39 /home/1302218.cloudwaysapps.com/nqwggxwnxn/public_html/vendor/laravel/framework/src/Illuminate/Foundation/Http/Kernel.php(142): Illuminate\\Pipeline\\Pipeline->then()
#40 /home/1302218.cloudwaysapps.com/nqwggxwnxn/public_html/vendor/laravel/framework/src/Illuminate/Foundation/Http/Kernel.php(111): Illuminate\\Foundation\\Http\\Kernel->sendRequestThroughRouter()
#41 /home/1302218.cloudwaysapps.com/nqwggxwnxn/public_html/public/index.php(51): Illuminate\\Foundation\\Http\\Kernel->handle()
#42 {main}
"} 
[2024-07-29 15:29:09] local.ERROR: Carbon\Carbon::setLastErrors(): Argument #1 ($lastErrors) must be of type array, bool given, called in /home/1302218.cloudwaysapps.com/nqwggxwnxn/public_html/vendor/nesbot/carbon/src/Carbon/Traits/Creator.php on line 98 {"exception":"[object] (TypeError(code: 0): Carbon\\Carbon::setLastErrors(): Argument #1 ($lastErrors) must be of type array, bool given, called in /home/1302218.cloudwaysapps.com/nqwggxwnxn/public_html/vendor/nesbot/carbon/src/Carbon/Traits/Creator.php on line 98 at /home/1302218.cloudwaysapps.com/nqwggxwnxn/public_html/vendor/nesbot/carbon/src/Carbon/Traits/Creator.php:928)
[stacktrace]
#0 /home/1302218.cloudwaysapps.com/nqwggxwnxn/public_html/vendor/nesbot/carbon/src/Carbon/Traits/Creator.php(98): Carbon\\Carbon::setLastErrors()
#1 /home/1302218.cloudwaysapps.com/nqwggxwnxn/public_html/vendor/nesbot/carbon/src/Carbon/Traits/Creator.php(252): Carbon\\Carbon->__construct()
#2 /home/1302218.cloudwaysapps.com/nqwggxwnxn/public_html/vendor/laravel/framework/src/Illuminate/Session/Middleware/StartSession.php(259): Carbon\\Carbon::now()
#3 /home/1302218.cloudwaysapps.com/nqwggxwnxn/public_html/vendor/laravel/framework/src/Illuminate/Session/Middleware/StartSession.php(221): Illuminate\\Session\\Middleware\\StartSession->getCookieExpirationDate()
#4 /home/1302218.cloudwaysapps.com/nqwggxwnxn/public_html/vendor/laravel/framework/src/Illuminate/Session/Middleware/StartSession.php(125): Illuminate\\Session\\Middleware\\StartSession->addCookieToResponse()
#5 /home/1302218.cloudwaysapps.com/nqwggxwnxn/public_html/vendor/laravel/framework/src/Illuminate/Session/Middleware/StartSession.php(64): Illuminate\\Session\\Middleware\\StartSession->handleStatefulRequest()
#6 /home/1302218.cloudwaysapps.com/nqwggxwnxn/public_html/vendor/laravel/framework/src/Illuminate/Pipeline/Pipeline.php(167): Illuminate\\Session\\Middleware\\StartSession->handle()
#7 /home/1302218.cloudwaysapps.com/nqwggxwnxn/public_html/vendor/laravel/framework/src/Illuminate/Cookie/Middleware/AddQueuedCookiesToResponse.php(37): Illuminate\\Pipeline\\Pipeline->Illuminate\\Pipeline\\{closure}()
#8 /home/1302218.cloudwaysapps.com/nqwggxwnxn/public_html/vendor/laravel/framework/src/Illuminate/Pipeline/Pipeline.php(167): Illuminate\\Cookie\\Middleware\\AddQueuedCookiesToResponse->handle()
#9 /home/1302218.cloudwaysapps.com/nqwggxwnxn/public_html/vendor/laravel/framework/src/Illuminate/Cookie/Middleware/EncryptCookies.php(67): Illuminate\\Pipeline\\Pipeline->Illuminate\\Pipeline\\{closure}()
#10 /home/1302218.cloudwaysapps.com/nqwggxwnxn/public_html/vendor/laravel/framework/src/Illuminate/Pipeline/Pipeline.php(167): Illuminate\\Cookie\\Middleware\\EncryptCookies->handle()
#11 /home/1302218.cloudwaysapps.com/nqwggxwnxn/public_html/vendor/laravel/framework/src/Illuminate/Pipeline/Pipeline.php(103): Illuminate\\Pipeline\\Pipeline->Illuminate\\Pipeline\\{closure}()
#12 /home/1302218.cloudwaysapps.com/nqwggxwnxn/public_html/vendor/laravel/framework/src/Illuminate/Routing/Router.php(719): Illuminate\\Pipeline\\Pipeline->then()
#13 /home/1302218.cloudwaysapps.com/nqwggxwnxn/public_html/vendor/laravel/framework/src/Illuminate/Routing/Router.php(698): Illuminate\\Routing\\Router->runRouteWithinStack()
#14 /home/1302218.cloudwaysapps.com/nqwggxwnxn/public_html/vendor/laravel/framework/src/Illuminate/Routing/Router.php(662): Illuminate\\Routing\\Router->runRoute()
#15 /home/1302218.cloudwaysapps.com/nqwggxwnxn/public_html/vendor/laravel/framework/src/Illuminate/Routing/Router.php(651): Illuminate\\Routing\\Router->dispatchToRoute()
#16 /home/1302218.cloudwaysapps.com/nqwggxwnxn/public_html/vendor/laravel/framework/src/Illuminate/Foundation/Http/Kernel.php(167): Illuminate\\Routing\\Router->dispatch()
#17 /home/1302218.cloudwaysapps.com/nqwggxwnxn/public_html/vendor/laravel/framework/src/Illuminate/Pipeline/Pipeline.php(128): Illuminate\\Foundation\\Http\\Kernel->Illuminate\\Foundation\\Http\\{closure}()
#18 /home/1302218.cloudwaysapps.com/nqwggxwnxn/public_html/vendor/laravel/framework/src/Illuminate/Foundation/Http/Middleware/TransformsRequest.php(21): Illuminate\\Pipeline\\Pipeline->Illuminate\\Pipeline\\{closure}()
#19 /home/1302218.cloudwaysapps.com/nqwggxwnxn/public_html/vendor/laravel/framework/src/Illuminate/Foundation/Http/Middleware/ConvertEmptyStringsToNull.php(31): Illuminate\\Foundation\\Http\\Middleware\\TransformsRequest->handle()
#20 /home/1302218.cloudwaysapps.com/nqwggxwnxn/public_html/vendor/laravel/framework/src/Illuminate/Pipeline/Pipeline.php(167): Illuminate\\Foundation\\Http\\Middleware\\ConvertEmptyStringsToNull->handle()
#21 /home/1302218.cloudwaysapps.com/nqwggxwnxn/public_html/vendor/laravel/framework/src/Illuminate/Foundation/Http/Middleware/TransformsRequest.php(21): Illuminate\\Pipeline\\Pipeline->Illuminate\\Pipeline\\{closure}()
#22 /home/1302218.cloudwaysapps.com/nqwggxwnxn/public_html/vendor/laravel/framework/src/Illuminate/Foundation/Http/Middleware/TrimStrings.php(40): Illuminate\\Foundation\\Http\\Middleware\\TransformsRequest->handle()
#23 /home/1302218.cloudwaysapps.com/nqwggxwnxn/public_html/vendor/laravel/framework/src/Illuminate/Pipeline/Pipeline.php(167): Illuminate\\Foundation\\Http\\Middleware\\TrimStrings->handle()
#24 /home/1302218.cloudwaysapps.com/nqwggxwnxn/public_html/vendor/laravel/framework/src/Illuminate/Foundation/Http/Middleware/ValidatePostSize.php(27): Illuminate\\Pipeline\\Pipeline->Illuminate\\Pipeline\\{closure}()
#25 /home/1302218.cloudwaysapps.com/nqwggxwnxn/public_html/vendor/laravel/framework/src/Illuminate/Pipeline/Pipeline.php(167): Illuminate\\Foundation\\Http\\Middleware\\ValidatePostSize->handle()
#26 /home/1302218.cloudwaysapps.com/nqwggxwnxn/public_html/vendor/laravel/framework/src/Illuminate/Foundation/Http/Middleware/PreventRequestsDuringMaintenance.php(86): Illuminate\\Pipeline\\Pipeline->Illuminate\\Pipeline\\{closure}()
#27 /home/1302218.cloudwaysapps.com/nqwggxwnxn/public_html/vendor/laravel/framework/src/Illuminate/Pipeline/Pipeline.php(167): Illuminate\\Foundation\\Http\\Middleware\\PreventRequestsDuringMaintenance->handle()
#28 /home/1302218.cloudwaysapps.com/nqwggxwnxn/public_html/vendor/fruitcake/laravel-cors/src/HandleCors.php(38): Illuminate\\Pipeline\\Pipeline->Illuminate\\Pipeline\\{closure}()
#29 /home/1302218.cloudwaysapps.com/nqwggxwnxn/public_html/vendor/laravel/framework/src/Illuminate/Pipeline/Pipeline.php(167): Fruitcake\\Cors\\HandleCors->handle()
#30 /home/1302218.cloudwaysapps.com/nqwggxwnxn/public_html/vendor/fideloper/proxy/src/TrustProxies.php(57): Illuminate\\Pipeline\\Pipeline->Illuminate\\Pipeline\\{closure}()
#31 /home/1302218.cloudwaysapps.com/nqwggxwnxn/public_html/vendor/laravel/framework/src/Illuminate/Pipeline/Pipeline.php(167): Fideloper\\Proxy\\TrustProxies->handle()
#32 /home/1302218.cloudwaysapps.com/nqwggxwnxn/public_html/vendor/laravel/framework/src/Illuminate/Pipeline/Pipeline.php(103): Illuminate\\Pipeline\\Pipeline->Illuminate\\Pipeline\\{closure}()
#33 /home/1302218.cloudwaysapps.com/nqwggxwnxn/public_html/vendor/laravel/framework/src/Illuminate/Foundation/Http/Kernel.php(142): Illuminate\\Pipeline\\Pipeline->then()
#34 /home/1302218.cloudwaysapps.com/nqwggxwnxn/public_html/vendor/laravel/framework/src/Illuminate/Foundation/Http/Kernel.php(111): Illuminate\\Foundation\\Http\\Kernel->sendRequestThroughRouter()
#35 /home/1302218.cloudwaysapps.com/nqwggxwnxn/public_html/public/index.php(51): Illuminate\\Foundation\\Http\\Kernel->handle()
#36 {main}
"} 
[2024-10-11 01:52:03] local.ERROR: Carbon\Carbon::setLastErrors(): Argument #1 ($lastErrors) must be of type array, bool given, called in /home/1302218.cloudwaysapps.com/nqwggxwnxn/public_html/vendor/nesbot/carbon/src/Carbon/Traits/Creator.php on line 98 {"exception":"[object] (TypeError(code: 0): Carbon\\Carbon::setLastErrors(): Argument #1 ($lastErrors) must be of type array, bool given, called in /home/1302218.cloudwaysapps.com/nqwggxwnxn/public_html/vendor/nesbot/carbon/src/Carbon/Traits/Creator.php on line 98 at /home/1302218.cloudwaysapps.com/nqwggxwnxn/public_html/vendor/nesbot/carbon/src/Carbon/Traits/Creator.php:928)
[stacktrace]
#0 /home/1302218.cloudwaysapps.com/nqwggxwnxn/public_html/vendor/nesbot/carbon/src/Carbon/Traits/Creator.php(98): Carbon\\Carbon::setLastErrors()
#1 /home/1302218.cloudwaysapps.com/nqwggxwnxn/public_html/vendor/nesbot/carbon/src/Carbon/Traits/Creator.php(252): Carbon\\Carbon->__construct()
#2 /home/1302218.cloudwaysapps.com/nqwggxwnxn/public_html/vendor/laravel/framework/src/Illuminate/Support/InteractsWithTime.php(37): Carbon\\Carbon::now()
#3 /home/1302218.cloudwaysapps.com/nqwggxwnxn/public_html/vendor/laravel/framework/src/Illuminate/Foundation/Http/Middleware/VerifyCsrfToken.php(193): Illuminate\\Foundation\\Http\\Middleware\\VerifyCsrfToken->availableAt()
#4 /home/1302218.cloudwaysapps.com/nqwggxwnxn/public_html/vendor/laravel/framework/src/Illuminate/Foundation/Http/Middleware/VerifyCsrfToken.php(80): Illuminate\\Foundation\\Http\\Middleware\\VerifyCsrfToken->addCookieToResponse()
#5 /home/1302218.cloudwaysapps.com/nqwggxwnxn/public_html/vendor/laravel/framework/src/Illuminate/Support/helpers.php(263): Illuminate\\Foundation\\Http\\Middleware\\VerifyCsrfToken->Illuminate\\Foundation\\Http\\Middleware\\{closure}()
#6 /home/1302218.cloudwaysapps.com/nqwggxwnxn/public_html/vendor/laravel/framework/src/Illuminate/Foundation/Http/Middleware/VerifyCsrfToken.php(78): tap()
#7 /home/1302218.cloudwaysapps.com/nqwggxwnxn/public_html/vendor/laravel/framework/src/Illuminate/Pipeline/Pipeline.php(167): Illuminate\\Foundation\\Http\\Middleware\\VerifyCsrfToken->handle()
#8 /home/1302218.cloudwaysapps.com/nqwggxwnxn/public_html/vendor/laravel/framework/src/Illuminate/View/Middleware/ShareErrorsFromSession.php(49): Illuminate\\Pipeline\\Pipeline->Illuminate\\Pipeline\\{closure}()
#9 /home/1302218.cloudwaysapps.com/nqwggxwnxn/public_html/vendor/laravel/framework/src/Illuminate/Pipeline/Pipeline.php(167): Illuminate\\View\\Middleware\\ShareErrorsFromSession->handle()
#10 /home/1302218.cloudwaysapps.com/nqwggxwnxn/public_html/vendor/laravel/framework/src/Illuminate/Session/Middleware/StartSession.php(121): Illuminate\\Pipeline\\Pipeline->Illuminate\\Pipeline\\{closure}()
#11 /home/1302218.cloudwaysapps.com/nqwggxwnxn/public_html/vendor/laravel/framework/src/Illuminate/Session/Middleware/StartSession.php(64): Illuminate\\Session\\Middleware\\StartSession->handleStatefulRequest()
#12 /home/1302218.cloudwaysapps.com/nqwggxwnxn/public_html/vendor/laravel/framework/src/Illuminate/Pipeline/Pipeline.php(167): Illuminate\\Session\\Middleware\\StartSession->handle()
#13 /home/1302218.cloudwaysapps.com/nqwggxwnxn/public_html/vendor/laravel/framework/src/Illuminate/Cookie/Middleware/AddQueuedCookiesToResponse.php(37): Illuminate\\Pipeline\\Pipeline->Illuminate\\Pipeline\\{closure}()
#14 /home/1302218.cloudwaysapps.com/nqwggxwnxn/public_html/vendor/laravel/framework/src/Illuminate/Pipeline/Pipeline.php(167): Illuminate\\Cookie\\Middleware\\AddQueuedCookiesToResponse->handle()
#15 /home/1302218.cloudwaysapps.com/nqwggxwnxn/public_html/vendor/laravel/framework/src/Illuminate/Cookie/Middleware/EncryptCookies.php(67): Illuminate\\Pipeline\\Pipeline->Illuminate\\Pipeline\\{closure}()
#16 /home/1302218.cloudwaysapps.com/nqwggxwnxn/public_html/vendor/laravel/framework/src/Illuminate/Pipeline/Pipeline.php(167): Illuminate\\Cookie\\Middleware\\EncryptCookies->handle()
#17 /home/1302218.cloudwaysapps.com/nqwggxwnxn/public_html/vendor/laravel/framework/src/Illuminate/Pipeline/Pipeline.php(103): Illuminate\\Pipeline\\Pipeline->Illuminate\\Pipeline\\{closure}()
#18 /home/1302218.cloudwaysapps.com/nqwggxwnxn/public_html/vendor/laravel/framework/src/Illuminate/Routing/Router.php(719): Illuminate\\Pipeline\\Pipeline->then()
#19 /home/1302218.cloudwaysapps.com/nqwggxwnxn/public_html/vendor/laravel/framework/src/Illuminate/Routing/Router.php(698): Illuminate\\Routing\\Router->runRouteWithinStack()
#20 /home/1302218.cloudwaysapps.com/nqwggxwnxn/public_html/vendor/laravel/framework/src/Illuminate/Routing/Router.php(662): Illuminate\\Routing\\Router->runRoute()
#21 /home/1302218.cloudwaysapps.com/nqwggxwnxn/public_html/vendor/laravel/framework/src/Illuminate/Routing/Router.php(651): Illuminate\\Routing\\Router->dispatchToRoute()
#22 /home/1302218.cloudwaysapps.com/nqwggxwnxn/public_html/vendor/laravel/framework/src/Illuminate/Foundation/Http/Kernel.php(167): Illuminate\\Routing\\Router->dispatch()
#23 /home/1302218.cloudwaysapps.com/nqwggxwnxn/public_html/vendor/laravel/framework/src/Illuminate/Pipeline/Pipeline.php(128): Illuminate\\Foundation\\Http\\Kernel->Illuminate\\Foundation\\Http\\{closure}()
#24 /home/1302218.cloudwaysapps.com/nqwggxwnxn/public_html/vendor/laravel/framework/src/Illuminate/Foundation/Http/Middleware/TransformsRequest.php(21): Illuminate\\Pipeline\\Pipeline->Illuminate\\Pipeline\\{closure}()
#25 /home/1302218.cloudwaysapps.com/nqwggxwnxn/public_html/vendor/laravel/framework/src/Illuminate/Foundation/Http/Middleware/ConvertEmptyStringsToNull.php(31): Illuminate\\Foundation\\Http\\Middleware\\TransformsRequest->handle()
#26 /home/1302218.cloudwaysapps.com/nqwggxwnxn/public_html/vendor/laravel/framework/src/Illuminate/Pipeline/Pipeline.php(167): Illuminate\\Foundation\\Http\\Middleware\\ConvertEmptyStringsToNull->handle()
#27 /home/1302218.cloudwaysapps.com/nqwggxwnxn/public_html/vendor/laravel/framework/src/Illuminate/Foundation/Http/Middleware/TransformsRequest.php(21): Illuminate\\Pipeline\\Pipeline->Illuminate\\Pipeline\\{closure}()
#28 /home/1302218.cloudwaysapps.com/nqwggxwnxn/public_html/vendor/laravel/framework/src/Illuminate/Foundation/Http/Middleware/TrimStrings.php(40): Illuminate\\Foundation\\Http\\Middleware\\TransformsRequest->handle()
#29 /home/1302218.cloudwaysapps.com/nqwggxwnxn/public_html/vendor/laravel/framework/src/Illuminate/Pipeline/Pipeline.php(167): Illuminate\\Foundation\\Http\\Middleware\\TrimStrings->handle()
#30 /home/1302218.cloudwaysapps.com/nqwggxwnxn/public_html/vendor/laravel/framework/src/Illuminate/Foundation/Http/Middleware/ValidatePostSize.php(27): Illuminate\\Pipeline\\Pipeline->Illuminate\\Pipeline\\{closure}()
#31 /home/1302218.cloudwaysapps.com/nqwggxwnxn/public_html/vendor/laravel/framework/src/Illuminate/Pipeline/Pipeline.php(167): Illuminate\\Foundation\\Http\\Middleware\\ValidatePostSize->handle()
#32 /home/1302218.cloudwaysapps.com/nqwggxwnxn/public_html/vendor/laravel/framework/src/Illuminate/Foundation/Http/Middleware/PreventRequestsDuringMaintenance.php(86): Illuminate\\Pipeline\\Pipeline->Illuminate\\Pipeline\\{closure}()
#33 /home/1302218.cloudwaysapps.com/nqwggxwnxn/public_html/vendor/laravel/framework/src/Illuminate/Pipeline/Pipeline.php(167): Illuminate\\Foundation\\Http\\Middleware\\PreventRequestsDuringMaintenance->handle()
#34 /home/1302218.cloudwaysapps.com/nqwggxwnxn/public_html/vendor/fruitcake/laravel-cors/src/HandleCors.php(38): Illuminate\\Pipeline\\Pipeline->Illuminate\\Pipeline\\{closure}()
#35 /home/1302218.cloudwaysapps.com/nqwggxwnxn/public_html/vendor/laravel/framework/src/Illuminate/Pipeline/Pipeline.php(167): Fruitcake\\Cors\\HandleCors->handle()
#36 /home/1302218.cloudwaysapps.com/nqwggxwnxn/public_html/vendor/fideloper/proxy/src/TrustProxies.php(57): Illuminate\\Pipeline\\Pipeline->Illuminate\\Pipeline\\{closure}()
#37 /home/1302218.cloudwaysapps.com/nqwggxwnxn/public_html/vendor/laravel/framework/src/Illuminate/Pipeline/Pipeline.php(167): Fideloper\\Proxy\\TrustProxies->handle()
#38 /home/1302218.cloudwaysapps.com/nqwggxwnxn/public_html/vendor/laravel/framework/src/Illuminate/Pipeline/Pipeline.php(103): Illuminate\\Pipeline\\Pipeline->Illuminate\\Pipeline\\{closure}()
#39 /home/1302218.cloudwaysapps.com/nqwggxwnxn/public_html/vendor/laravel/framework/src/Illuminate/Foundation/Http/Kernel.php(142): Illuminate\\Pipeline\\Pipeline->then()
#40 /home/1302218.cloudwaysapps.com/nqwggxwnxn/public_html/vendor/laravel/framework/src/Illuminate/Foundation/Http/Kernel.php(111): Illuminate\\Foundation\\Http\\Kernel->sendRequestThroughRouter()
#41 /home/1302218.cloudwaysapps.com/nqwggxwnxn/public_html/public/index.php(51): Illuminate\\Foundation\\Http\\Kernel->handle()
#42 {main}
"} 
[2024-10-11 01:52:03] local.ERROR: Carbon\Carbon::setLastErrors(): Argument #1 ($lastErrors) must be of type array, bool given, called in /home/1302218.cloudwaysapps.com/nqwggxwnxn/public_html/vendor/nesbot/carbon/src/Carbon/Traits/Creator.php on line 98 {"exception":"[object] (TypeError(code: 0): Carbon\\Carbon::setLastErrors(): Argument #1 ($lastErrors) must be of type array, bool given, called in /home/1302218.cloudwaysapps.com/nqwggxwnxn/public_html/vendor/nesbot/carbon/src/Carbon/Traits/Creator.php on line 98 at /home/1302218.cloudwaysapps.com/nqwggxwnxn/public_html/vendor/nesbot/carbon/src/Carbon/Traits/Creator.php:928)
[stacktrace]
#0 /home/1302218.cloudwaysapps.com/nqwggxwnxn/public_html/vendor/nesbot/carbon/src/Carbon/Traits/Creator.php(98): Carbon\\Carbon::setLastErrors()
#1 /home/1302218.cloudwaysapps.com/nqwggxwnxn/public_html/vendor/nesbot/carbon/src/Carbon/Traits/Creator.php(252): Carbon\\Carbon->__construct()
#2 /home/1302218.cloudwaysapps.com/nqwggxwnxn/public_html/vendor/laravel/framework/src/Illuminate/Session/Middleware/StartSession.php(259): Carbon\\Carbon::now()
#3 /home/1302218.cloudwaysapps.com/nqwggxwnxn/public_html/vendor/laravel/framework/src/Illuminate/Session/Middleware/StartSession.php(221): Illuminate\\Session\\Middleware\\StartSession->getCookieExpirationDate()
#4 /home/1302218.cloudwaysapps.com/nqwggxwnxn/public_html/vendor/laravel/framework/src/Illuminate/Session/Middleware/StartSession.php(125): Illuminate\\Session\\Middleware\\StartSession->addCookieToResponse()
#5 /home/1302218.cloudwaysapps.com/nqwggxwnxn/public_html/vendor/laravel/framework/src/Illuminate/Session/Middleware/StartSession.php(64): Illuminate\\Session\\Middleware\\StartSession->handleStatefulRequest()
#6 /home/1302218.cloudwaysapps.com/nqwggxwnxn/public_html/vendor/laravel/framework/src/Illuminate/Pipeline/Pipeline.php(167): Illuminate\\Session\\Middleware\\StartSession->handle()
#7 /home/1302218.cloudwaysapps.com/nqwggxwnxn/public_html/vendor/laravel/framework/src/Illuminate/Cookie/Middleware/AddQueuedCookiesToResponse.php(37): Illuminate\\Pipeline\\Pipeline->Illuminate\\Pipeline\\{closure}()
#8 /home/1302218.cloudwaysapps.com/nqwggxwnxn/public_html/vendor/laravel/framework/src/Illuminate/Pipeline/Pipeline.php(167): Illuminate\\Cookie\\Middleware\\AddQueuedCookiesToResponse->handle()
#9 /home/1302218.cloudwaysapps.com/nqwggxwnxn/public_html/vendor/laravel/framework/src/Illuminate/Cookie/Middleware/EncryptCookies.php(67): Illuminate\\Pipeline\\Pipeline->Illuminate\\Pipeline\\{closure}()
#10 /home/1302218.cloudwaysapps.com/nqwggxwnxn/public_html/vendor/laravel/framework/src/Illuminate/Pipeline/Pipeline.php(167): Illuminate\\Cookie\\Middleware\\EncryptCookies->handle()
#11 /home/1302218.cloudwaysapps.com/nqwggxwnxn/public_html/vendor/laravel/framework/src/Illuminate/Pipeline/Pipeline.php(103): Illuminate\\Pipeline\\Pipeline->Illuminate\\Pipeline\\{closure}()
#12 /home/1302218.cloudwaysapps.com/nqwggxwnxn/public_html/vendor/laravel/framework/src/Illuminate/Routing/Router.php(719): Illuminate\\Pipeline\\Pipeline->then()
#13 /home/1302218.cloudwaysapps.com/nqwggxwnxn/public_html/vendor/laravel/framework/src/Illuminate/Routing/Router.php(698): Illuminate\\Routing\\Router->runRouteWithinStack()
#14 /home/1302218.cloudwaysapps.com/nqwggxwnxn/public_html/vendor/laravel/framework/src/Illuminate/Routing/Router.php(662): Illuminate\\Routing\\Router->runRoute()
#15 /home/1302218.cloudwaysapps.com/nqwggxwnxn/public_html/vendor/laravel/framework/src/Illuminate/Routing/Router.php(651): Illuminate\\Routing\\Router->dispatchToRoute()
#16 /home/1302218.cloudwaysapps.com/nqwggxwnxn/public_html/vendor/laravel/framework/src/Illuminate/Foundation/Http/Kernel.php(167): Illuminate\\Routing\\Router->dispatch()
#17 /home/1302218.cloudwaysapps.com/nqwggxwnxn/public_html/vendor/laravel/framework/src/Illuminate/Pipeline/Pipeline.php(128): Illuminate\\Foundation\\Http\\Kernel->Illuminate\\Foundation\\Http\\{closure}()
#18 /home/1302218.cloudwaysapps.com/nqwggxwnxn/public_html/vendor/laravel/framework/src/Illuminate/Foundation/Http/Middleware/TransformsRequest.php(21): Illuminate\\Pipeline\\Pipeline->Illuminate\\Pipeline\\{closure}()
#19 /home/1302218.cloudwaysapps.com/nqwggxwnxn/public_html/vendor/laravel/framework/src/Illuminate/Foundation/Http/Middleware/ConvertEmptyStringsToNull.php(31): Illuminate\\Foundation\\Http\\Middleware\\TransformsRequest->handle()
#20 /home/1302218.cloudwaysapps.com/nqwggxwnxn/public_html/vendor/laravel/framework/src/Illuminate/Pipeline/Pipeline.php(167): Illuminate\\Foundation\\Http\\Middleware\\ConvertEmptyStringsToNull->handle()
#21 /home/1302218.cloudwaysapps.com/nqwggxwnxn/public_html/vendor/laravel/framework/src/Illuminate/Foundation/Http/Middleware/TransformsRequest.php(21): Illuminate\\Pipeline\\Pipeline->Illuminate\\Pipeline\\{closure}()
#22 /home/1302218.cloudwaysapps.com/nqwggxwnxn/public_html/vendor/laravel/framework/src/Illuminate/Foundation/Http/Middleware/TrimStrings.php(40): Illuminate\\Foundation\\Http\\Middleware\\TransformsRequest->handle()
#23 /home/1302218.cloudwaysapps.com/nqwggxwnxn/public_html/vendor/laravel/framework/src/Illuminate/Pipeline/Pipeline.php(167): Illuminate\\Foundation\\Http\\Middleware\\TrimStrings->handle()
#24 /home/1302218.cloudwaysapps.com/nqwggxwnxn/public_html/vendor/laravel/framework/src/Illuminate/Foundation/Http/Middleware/ValidatePostSize.php(27): Illuminate\\Pipeline\\Pipeline->Illuminate\\Pipeline\\{closure}()
#25 /home/1302218.cloudwaysapps.com/nqwggxwnxn/public_html/vendor/laravel/framework/src/Illuminate/Pipeline/Pipeline.php(167): Illuminate\\Foundation\\Http\\Middleware\\ValidatePostSize->handle()
#26 /home/1302218.cloudwaysapps.com/nqwggxwnxn/public_html/vendor/laravel/framework/src/Illuminate/Foundation/Http/Middleware/PreventRequestsDuringMaintenance.php(86): Illuminate\\Pipeline\\Pipeline->Illuminate\\Pipeline\\{closure}()
#27 /home/1302218.cloudwaysapps.com/nqwggxwnxn/public_html/vendor/laravel/framework/src/Illuminate/Pipeline/Pipeline.php(167): Illuminate\\Foundation\\Http\\Middleware\\PreventRequestsDuringMaintenance->handle()
#28 /home/1302218.cloudwaysapps.com/nqwggxwnxn/public_html/vendor/fruitcake/laravel-cors/src/HandleCors.php(38): Illuminate\\Pipeline\\Pipeline->Illuminate\\Pipeline\\{closure}()
#29 /home/1302218.cloudwaysapps.com/nqwggxwnxn/public_html/vendor/laravel/framework/src/Illuminate/Pipeline/Pipeline.php(167): Fruitcake\\Cors\\HandleCors->handle()
#30 /home/1302218.cloudwaysapps.com/nqwggxwnxn/public_html/vendor/fideloper/proxy/src/TrustProxies.php(57): Illuminate\\Pipeline\\Pipeline->Illuminate\\Pipeline\\{closure}()
#31 /home/1302218.cloudwaysapps.com/nqwggxwnxn/public_html/vendor/laravel/framework/src/Illuminate/Pipeline/Pipeline.php(167): Fideloper\\Proxy\\TrustProxies->handle()
#32 /home/1302218.cloudwaysapps.com/nqwggxwnxn/public_html/vendor/laravel/framework/src/Illuminate/Pipeline/Pipeline.php(103): Illuminate\\Pipeline\\Pipeline->Illuminate\\Pipeline\\{closure}()
#33 /home/1302218.cloudwaysapps.com/nqwggxwnxn/public_html/vendor/laravel/framework/src/Illuminate/Foundation/Http/Kernel.php(142): Illuminate\\Pipeline\\Pipeline->then()
#34 /home/1302218.cloudwaysapps.com/nqwggxwnxn/public_html/vendor/laravel/framework/src/Illuminate/Foundation/Http/Kernel.php(111): Illuminate\\Foundation\\Http\\Kernel->sendRequestThroughRouter()
#35 /home/1302218.cloudwaysapps.com/nqwggxwnxn/public_html/public/index.php(51): Illuminate\\Foundation\\Http\\Kernel->handle()
#36 {main}
"} 
